<?xml version="1.0" encoding="UTF-8"?>
<testsuite xmlns:xsi="http://www.w3.org/2001/XMLSchema-instance" xsi:noNamespaceSchemaLocation="https://maven.apache.org/surefire/maven-surefire-plugin/xsd/surefire-test-report.xsd" name="br.com.feltex.mensageiro.MensageiroApplicationTest" time="34.909" tests="1" errors="1" skipped="0" failures="0">
  <properties>
[...]
</properties>
  <testcase name="produzirMensagem" classname="br.com.feltex.mensageiro.MensageiroApplicationTest" time="2.643">
    <error message="java.net.ConnectException: Connection refused: no further information" type="org.springframework.amqp.AmqpConnectException">org.springframework.amqp.AmqpConnectException: java.net.ConnectException: Connection refused: no further information
	at br.com.feltex.mensageiro.MensageiroApplicationTest.produzirMensagem(MensageiroApplicationTests.java:19)
Caused by: java.net.ConnectException: Connection refused: no further information
	at br.com.feltex.mensageiro.MensageiroApplicationTest.produzirMensagem(MensageiroApplicationTests.java:19)
</error>
    <system-out><![CDATA[02:12:32.832 [main] DEBUG org.springframework.test.context.BootstrapUtils - Instantiating CacheAwareContextLoaderDelegate from class [org.springframework.test.context.cache.DefaultCacheAwareContextLoaderDelegate]
02:12:32.896 [main] DEBUG org.springframework.test.context.BootstrapUtils - Instantiating BootstrapContext using constructor [public org.springframework.test.context.support.DefaultBootstrapContext(java.lang.Class,org.springframework.test.context.CacheAwareContextLoaderDelegate)]
02:12:33.199 [main] DEBUG org.springframework.test.context.BootstrapUtils - Instantiating TestContextBootstrapper for test class [br.com.feltex.mensageiro.MensageiroApplicationTest] from class [org.springframework.boot.test.context.SpringBootTestContextBootstrapper]
02:12:33.753 [main] INFO org.springframework.boot.test.context.SpringBootTestContextBootstrapper - Neither @ContextConfiguration nor @ContextHierarchy found for test class [br.com.feltex.mensageiro.MensageiroApplicationTest], using SpringBootContextLoader
02:12:33.861 [main] DEBUG org.springframework.test.context.support.AbstractContextLoader - Did not detect default resource location for test class [br.com.feltex.mensageiro.MensageiroApplicationTest]: class path resource [br/com/feltex/mensageiro/MensageiroApplicationTest-context.xml] does not exist
02:12:33.863 [main] DEBUG org.springframework.test.context.support.AbstractContextLoader - Did not detect default resource location for test class [br.com.feltex.mensageiro.MensageiroApplicationTest]: class path resource [br/com/feltex/mensageiro/MensageiroApplicationTestContext.groovy] does not exist
02:12:33.865 [main] INFO org.springframework.test.context.support.AbstractContextLoader - Could not detect default resource locations for test class [br.com.feltex.mensageiro.MensageiroApplicationTest]: no resource found for suffixes {-context.xml, Context.groovy}.
02:12:33.870 [main] INFO org.springframework.test.context.support.AnnotationConfigContextLoaderUtils - Could not detect default configuration classes for test class [br.com.feltex.mensageiro.MensageiroApplicationTest]: MensageiroApplicationTest does not declare any static, non-private, non-final, nested classes annotated with @Configuration.
02:12:34.602 [main] DEBUG org.springframework.test.context.support.ActiveProfilesUtils - Could not find an 'annotation declaring class' for annotation type [org.springframework.test.context.ActiveProfiles] and class [br.com.feltex.mensageiro.MensageiroApplicationTest]
02:12:36.421 [main] DEBUG org.springframework.context.annotation.ClassPathScanningCandidateComponentProvider - Identified candidate component class: file [C:\Users\Valmir\Documents\Victor Guthierry\Disciplinas IFPE\Sistemas Distribuídos\2º Unidade\Projeto\rabbitmq\rabbitmq-docker\target\classes\br\com\feltex\mensageiro\MensageiroApplication.class]
02:12:36.431 [main] INFO org.springframework.boot.test.context.SpringBootTestContextBootstrapper - Found @SpringBootConfiguration br.com.feltex.mensageiro.MensageiroApplication for test class br.com.feltex.mensageiro.MensageiroApplicationTest
02:12:37.679 [main] DEBUG org.springframework.boot.test.context.SpringBootTestContextBootstrapper - @TestExecutionListeners is not present for class [br.com.feltex.mensageiro.MensageiroApplicationTest]: using defaults.
02:12:37.681 [main] INFO org.springframework.boot.test.context.SpringBootTestContextBootstrapper - Loaded default TestExecutionListener class names from location [META-INF/spring.factories]: [org.springframework.boot.test.mock.mockito.MockitoTestExecutionListener, org.springframework.boot.test.mock.mockito.ResetMocksTestExecutionListener, org.springframework.boot.test.autoconfigure.restdocs.RestDocsTestExecutionListener, org.springframework.boot.test.autoconfigure.web.client.MockRestServiceServerResetTestExecutionListener, org.springframework.boot.test.autoconfigure.web.servlet.MockMvcPrintOnlyOnFailureTestExecutionListener, org.springframework.boot.test.autoconfigure.web.servlet.WebDriverTestExecutionListener, org.springframework.boot.test.autoconfigure.webservices.client.MockWebServiceServerTestExecutionListener, org.springframework.test.context.web.ServletTestExecutionListener, org.springframework.test.context.support.DirtiesContextBeforeModesTestExecutionListener, org.springframework.test.context.event.ApplicationEventsTestExecutionListener, org.springframework.test.context.support.DependencyInjectionTestExecutionListener, org.springframework.test.context.support.DirtiesContextTestExecutionListener, org.springframework.test.context.transaction.TransactionalTestExecutionListener, org.springframework.test.context.jdbc.SqlScriptsTestExecutionListener, org.springframework.test.context.event.EventPublishingTestExecutionListener]
02:12:38.001 [main] INFO org.springframework.boot.test.context.SpringBootTestContextBootstrapper - Using TestExecutionListeners: [org.springframework.test.context.web.ServletTestExecutionListener@3561c410, org.springframework.test.context.support.DirtiesContextBeforeModesTestExecutionListener@59e32960, org.springframework.test.context.event.ApplicationEventsTestExecutionListener@7c214cc0, org.springframework.boot.test.mock.mockito.MockitoTestExecutionListener@5b67bb7e, org.springframework.boot.test.autoconfigure.SpringBootDependencyInjectionTestExecutionListener@609db546, org.springframework.test.context.support.DirtiesContextTestExecutionListener@20f5281c, org.springframework.test.context.transaction.TransactionalTestExecutionListener@56c4278e, org.springframework.test.context.jdbc.SqlScriptsTestExecutionListener@301eda63, org.springframework.test.context.event.EventPublishingTestExecutionListener@3d246ea3, org.springframework.boot.test.mock.mockito.ResetMocksTestExecutionListener@341814d3, org.springframework.boot.test.autoconfigure.restdocs.RestDocsTestExecutionListener@4397ad89, org.springframework.boot.test.autoconfigure.web.client.MockRestServiceServerResetTestExecutionListener@59cba5a, org.springframework.boot.test.autoconfigure.web.servlet.MockMvcPrintOnlyOnFailureTestExecutionListener@1bd39d3c, org.springframework.boot.test.autoconfigure.web.servlet.WebDriverTestExecutionListener@6f19ac19, org.springframework.boot.test.autoconfigure.webservices.client.MockWebServiceServerTestExecutionListener@119cbf96]
02:12:38.031 [main] DEBUG org.springframework.test.context.support.AbstractDirtiesContextTestExecutionListener - Before test class: context [DefaultTestContext@73302995 testClass = MensageiroApplicationTest, testInstance = [null], testMethod = [null], testException = [null], mergedContextConfiguration = [WebMergedContextConfiguration@1838ccb8 testClass = MensageiroApplicationTest, locations = '{}', classes = '{class br.com.feltex.mensageiro.MensageiroApplication}', contextInitializerClasses = '[]', activeProfiles = '{}', propertySourceLocations = '{}', propertySourceProperties = '{org.springframework.boot.test.context.SpringBootTestContextBootstrapper=true}', contextCustomizers = set[org.springframework.boot.test.context.filter.ExcludeFilterContextCustomizer@3246fb96, org.springframework.boot.test.json.DuplicateJsonObjectContextCustomizerFactory$DuplicateJsonObjectContextCustomizer@73ee04c8, org.springframework.boot.test.mock.mockito.MockitoContextCustomizer@0, org.springframework.boot.test.web.client.TestRestTemplateContextCustomizer@5fd4f8f5, org.springframework.boot.test.autoconfigure.actuate.metrics.MetricsExportContextCustomizerFactory$DisableMetricExportContextCustomizer@a3d8174, org.springframework.boot.test.autoconfigure.properties.PropertyMappingContextCustomizer@0, org.springframework.boot.test.autoconfigure.web.servlet.WebDriverContextCustomizerFactory$Customizer@6a84a97d, org.springframework.boot.test.context.SpringBootTestArgs@1, org.springframework.boot.test.context.SpringBootTestWebEnvironment@e320068], resourceBasePath = 'src/main/webapp', contextLoader = 'org.springframework.boot.test.context.SpringBootContextLoader', parent = [null]], attributes = map['org.springframework.test.context.web.ServletTestExecutionListener.activateListener' -> true]], class annotated with @DirtiesContext [false] with mode [null].
02:12:38.392 [main] DEBUG org.springframework.test.context.support.TestPropertySourceUtils - Adding inlined properties to environment: {spring.jmx.enabled=false, org.springframework.boot.test.context.SpringBootTestContextBootstrapper=true}
2022-08-04 02:12:44.213  INFO 916 --- [           main] b.c.f.m.MensageiroApplicationTest        : Starting MensageiroApplicationTest using Java 18.0.1.1 on Milena with PID 916 (started by Valmir in C:\Users\Valmir\Documents\Victor Guthierry\Disciplinas IFPE\Sistemas Distribuídos\2º Unidade\Projeto\rabbitmq\rabbitmq-docker)
2022-08-04 02:12:44.301  INFO 916 --- [           main] b.c.f.m.MensageiroApplicationTest        : No active profile set, falling back to default profiles: default
2022-08-04 02:13:04.081  INFO 916 --- [           main] o.s.a.r.c.CachingConnectionFactory       : Attempting to connect to: [localhost:5672]
2022-08-04 02:13:04.313  INFO 916 --- [           main] o.s.a.r.l.SimpleMessageListenerContainer : Broker not available; cannot force queue declarations during start: java.net.ConnectException: Connection refused: no further information
2022-08-04 02:13:04.364  INFO 916 --- [ntContainer#0-1] o.s.a.r.c.CachingConnectionFactory       : Attempting to connect to: [localhost:5672]
2022-08-04 02:13:04.437 ERROR 916 --- [ntContainer#0-1] o.s.a.r.l.SimpleMessageListenerContainer : Failed to check/redeclare auto-delete queue(s).

org.springframework.amqp.AmqpConnectException: java.net.ConnectException: Connection refused: no further information
	at org.springframework.amqp.rabbit.support.RabbitExceptionTranslator.convertRabbitAccessException(RabbitExceptionTranslator.java:61) ~[spring-rabbit-2.3.10.jar:2.3.10]
	at org.springframework.amqp.rabbit.connection.AbstractConnectionFactory.createBareConnection(AbstractConnectionFactory.java:602) ~[spring-rabbit-2.3.10.jar:2.3.10]
	at org.springframework.amqp.rabbit.connection.CachingConnectionFactory.createConnection(CachingConnectionFactory.java:724) ~[spring-rabbit-2.3.10.jar:2.3.10]
	at org.springframework.amqp.rabbit.connection.ConnectionFactoryUtils.createConnection(ConnectionFactoryUtils.java:252) ~[spring-rabbit-2.3.10.jar:2.3.10]
	at org.springframework.amqp.rabbit.core.RabbitTemplate.doExecute(RabbitTemplate.java:2163) ~[spring-rabbit-2.3.10.jar:2.3.10]
	at org.springframework.amqp.rabbit.core.RabbitTemplate.execute(RabbitTemplate.java:2136) ~[spring-rabbit-2.3.10.jar:2.3.10]
	at org.springframework.amqp.rabbit.core.RabbitTemplate.execute(RabbitTemplate.java:2116) ~[spring-rabbit-2.3.10.jar:2.3.10]
	at org.springframework.amqp.rabbit.core.RabbitAdmin.getQueueInfo(RabbitAdmin.java:407) ~[spring-rabbit-2.3.10.jar:2.3.10]
	at org.springframework.amqp.rabbit.core.RabbitAdmin.getQueueProperties(RabbitAdmin.java:391) ~[spring-rabbit-2.3.10.jar:2.3.10]
	at org.springframework.amqp.rabbit.listener.AbstractMessageListenerContainer.attemptDeclarations(AbstractMessageListenerContainer.java:1914) ~[spring-rabbit-2.3.10.jar:2.3.10]
	at org.springframework.amqp.rabbit.listener.AbstractMessageListenerContainer.redeclareElementsIfNecessary(AbstractMessageListenerContainer.java:1895) ~[spring-rabbit-2.3.10.jar:2.3.10]
	at org.springframework.amqp.rabbit.listener.SimpleMessageListenerContainer$AsyncMessageProcessingConsumer.initialize(SimpleMessageListenerContainer.java:1347) ~[spring-rabbit-2.3.10.jar:2.3.10]
	at org.springframework.amqp.rabbit.listener.SimpleMessageListenerContainer$AsyncMessageProcessingConsumer.run(SimpleMessageListenerContainer.java:1193) ~[spring-rabbit-2.3.10.jar:2.3.10]
	at java.base/java.lang.Thread.run(Thread.java:833) ~[na:na]
Caused by: java.net.ConnectException: Connection refused: no further information
	at java.base/sun.nio.ch.Net.pollConnect(Native Method) ~[na:na]
	at java.base/sun.nio.ch.Net.pollConnectNow(Net.java:672) ~[na:na]
	at java.base/sun.nio.ch.NioSocketImpl.timedFinishConnect(NioSocketImpl.java:539) ~[na:na]
	at java.base/sun.nio.ch.NioSocketImpl.connect(NioSocketImpl.java:594) ~[na:na]
	at java.base/java.net.SocksSocketImpl.connect(SocksSocketImpl.java:327) ~[na:na]
	at java.base/java.net.Socket.connect(Socket.java:633) ~[na:na]
	at com.rabbitmq.client.impl.SocketFrameHandlerFactory.create(SocketFrameHandlerFactory.java:60) ~[amqp-client-5.12.0.jar:5.12.0]
	at com.rabbitmq.client.ConnectionFactory.newConnection(ConnectionFactory.java:1220) ~[amqp-client-5.12.0.jar:5.12.0]
	at com.rabbitmq.client.ConnectionFactory.newConnection(ConnectionFactory.java:1170) ~[amqp-client-5.12.0.jar:5.12.0]
	at org.springframework.amqp.rabbit.connection.AbstractConnectionFactory.connectAddresses(AbstractConnectionFactory.java:640) ~[spring-rabbit-2.3.10.jar:2.3.10]
	at org.springframework.amqp.rabbit.connection.AbstractConnectionFactory.connect(AbstractConnectionFactory.java:615) ~[spring-rabbit-2.3.10.jar:2.3.10]
	at org.springframework.amqp.rabbit.connection.AbstractConnectionFactory.createBareConnection(AbstractConnectionFactory.java:565) ~[spring-rabbit-2.3.10.jar:2.3.10]
	... 12 common frames omitted

2022-08-04 02:13:04.466  INFO 916 --- [ntContainer#0-1] o.s.a.r.c.CachingConnectionFactory       : Attempting to connect to: [localhost:5672]
2022-08-04 02:13:04.513  INFO 916 --- [           main] b.c.f.m.MensageiroApplicationTest        : Started MensageiroApplicationTest in 26.018 seconds (JVM running for 35.437)
2022-08-04 02:13:07.165  INFO 916 --- [           main] o.s.a.r.c.CachingConnectionFactory       : Attempting to connect to: [localhost:5672]
]]></system-out>
  </testcase>
</testsuite>